0 info it worked if it ends with ok
1 verbose cli [ 'node', '/usr/local/bin/npm', 'start' ]
2 info using npm@1.5.0-alpha-2
3 info using node@v0.10.28
4 verbose run-script [ 'prestart', 'start', 'poststart' ]
5 info prestart plotter@0.0.0
6 info start plotter@0.0.0
7 verbose unsafe-perm in lifecycle true
8 info plotter@0.0.0 Failed to exec start script
9 error plotter@0.0.0 start: `node ./bin/www`
9 error Exit status 1
10 error Failed at the plotter@0.0.0 start script.
10 error This is most likely a problem with the plotter package,
10 error not with npm itself.
10 error Tell the author that this fails on your system:
10 error     node ./bin/www
10 error You can get their info via:
10 error     npm owner ls plotter
10 error There is likely additional logging output above.
11 error System Linux 2.6.32-504.23.4.el6.x86_64
12 error command "node" "/usr/local/bin/npm" "start"
13 error cwd /home/node/cs484/plotter
14 error node -v v0.10.28
15 error npm -v 1.5.0-alpha-2
16 error code ELIFECYCLE
17 verbose exit [ 1, true ]
